<?xml version="1.0" encoding="UTF-8"?>
<!-- Generated by org.testng.reporters.JUnitXMLReporter -->
<testsuite ignored="0" hostname="LAPTOP-34VRK83G" failures="1" tests="4" name="Test" time="0.049" errors="0" timestamp="2022-07-04T16:09:07 IST">
  <testcase classname="listenerStudy.Testclass" name="mymethod2" time="0.011">
    <failure type="java.lang.AssertionError" message="null">
      <![CDATA[java.lang.AssertionError: null
at listenerStudy.Testclass.mymethod2(Testclass.java:19)
at java.base/java.util.ArrayList.forEach(ArrayList.java:1511)
... Removed 27 stack frames]]>
    </failure>
  </testcase> <!-- mymethod2 -->
  <testcase classname="listenerStudy.Testclass" name="mymethod3" time="0.002"/>
  <testcase classname="listenerStudy.Testclass" name="mymethod1" time="0.001"/>
  <testcase classname="listenerStudy.Testclass" name="mymethod4" time="0.0">
    <skipped/>
  </testcase> <!-- mymethod4 -->
</testsuite> <!-- Test -->
